
> mrd-ca-admin@0.0.0 dev
> vite


  VITE v7.3.1  ready in 326 ms

  ➜  Local:   http://localhost:5173/
  ➜  Network: use --host to expose
  ➜  press h + enter to show help
[vite:css][postcss] @import must precede all other statements (besides @charset or empty @layer)
1664 |    }
1665 |  }
1666 |  @import url('https://fonts.googleapis.com/css2?family=Inter:wght@400;500;600;700;800;900&display=swap');
     |  ^^^^^^^^^^^^^^^^^^^^^^^^^^^^^^^^^^^^^^^^^^^^^^^^^^^^^^^^^^^^^^^^^^^^^^^^^^^^^^^^^^^^^^^^^^^^^^^^^^^^^^^^
1667 |  :root {
1668 |    --primary: #137fec;
11:10:38 AM [vite] (client) hmr update /src/index.css, /src/components/clients/ClientModals.jsx
[vite:css][postcss] @import must precede all other statements (besides @charset or empty @layer)
1664 |    }
1665 |  }
1666 |  @import url('https://fonts.googleapis.com/css2?family=Inter:wght@400;500;600;700;800;900&display=swap');
     |  ^^^^^^^^^^^^^^^^^^^^^^^^^^^^^^^^^^^^^^^^^^^^^^^^^^^^^^^^^^^^^^^^^^^^^^^^^^^^^^^^^^^^^^^^^^^^^^^^^^^^^^^^
1667 |  :root {
1668 |    --primary: #137fec;
11:10:38 AM [vite] Internal server error: Failed to resolve import "@mantine/dates" from "src/components/clients/ClientModals.jsx". Does the file exist?
  Plugin: vite:import-analysis
  File: /Users/kirtannarola/Downloads/MRD/mrd-ca-admin/src/components/clients/ClientModals.jsx:3:26
  3  |  import React, { useEffect, useCallback, useRef } from "react";
  4  |  import { Modal, TextInput, Select, Button, Group, Stack, Text, Box, Paper, useMantineTheme, ThemeIcon, Progress, Aler...
  5  |  import { DateInput } from "@mantine/dates";
     |                             ^
  6  |  import { Dropzone, MS_EXCEL_MIME_TYPE } from "@mantine/dropzone";
  7  |  const CSV_MIME_TYPE = ["text/csv"];
      at TransformPluginContext._formatLog (file:///Users/kirtannarola/Downloads/MRD/mrd-ca-admin/node_modules/vite/dist/node/chunks/config.js:28999:43)
      at TransformPluginContext.error (file:///Users/kirtannarola/Downloads/MRD/mrd-ca-admin/node_modules/vite/dist/node/chunks/config.js:28996:14)
      at normalizeUrl (file:///Users/kirtannarola/Downloads/MRD/mrd-ca-admin/node_modules/vite/dist/node/chunks/config.js:27119:18)
      at process.processTicksAndRejections (node:internal/process/task_queues:103:5)
      at async file:///Users/kirtannarola/Downloads/MRD/mrd-ca-admin/node_modules/vite/dist/node/chunks/config.js:27177:32
      at async Promise.all (index 3)
      at async TransformPluginContext.transform (file:///Users/kirtannarola/Downloads/MRD/mrd-ca-admin/node_modules/vite/dist/node/chunks/config.js:27145:4)
      at async EnvironmentPluginContainer.transform (file:///Users/kirtannarola/Downloads/MRD/mrd-ca-admin/node_modules/vite/dist/node/chunks/config.js:28797:14)
      at async loadAndTransform (file:///Users/kirtannarola/Downloads/MRD/mrd-ca-admin/node_modules/vite/dist/node/chunks/config.js:22670:26)
      at async viteTransformMiddleware (file:///Users/kirtannarola/Downloads/MRD/mrd-ca-admin/node_modules/vite/dist/node/chunks/config.js:24542:20)
11:11:04 AM [vite] (client) hmr update /src/pages/ClientList.jsx, /src/index.css
[vite:css][postcss] @import must precede all other statements (besides @charset or empty @layer)
1664 |    }
1665 |  }
1666 |  @import url('https://fonts.googleapis.com/css2?family=Inter:wght@400;500;600;700;800;900&display=swap');
     |  ^^^^^^^^^^^^^^^^^^^^^^^^^^^^^^^^^^^^^^^^^^^^^^^^^^^^^^^^^^^^^^^^^^^^^^^^^^^^^^^^^^^^^^^^^^^^^^^^^^^^^^^^
1667 |  :root {
1668 |    --primary: #137fec;
11:11:04 AM [vite] (client) Pre-transform error: Failed to resolve import "@mantine/dates" from "src/components/clients/ClientModals.jsx". Does the file exist?
  Plugin: vite:import-analysis
  File: /Users/kirtannarola/Downloads/MRD/mrd-ca-admin/src/components/clients/ClientModals.jsx:3:26
  3  |  import React, { useEffect, useCallback, useRef } from "react";
  4  |  import { Modal, TextInput, Select, Button, Group, Stack, Text, Box, Paper, useMantineTheme, ThemeIcon, Progress, Aler...
  5  |  import { DateInput } from "@mantine/dates";
     |                             ^
  6  |  import { Dropzone, MS_EXCEL_MIME_TYPE } from "@mantine/dropzone";
  7  |  const CSV_MIME_TYPE = ["text/csv"];
11:13:52 AM [vite] Internal server error: Failed to resolve import "@mantine/dates" from "src/components/clients/ClientModals.jsx". Does the file exist?
  Plugin: vite:import-analysis
  File: /Users/kirtannarola/Downloads/MRD/mrd-ca-admin/src/components/clients/ClientModals.jsx:3:26
  3  |  import React, { useEffect, useCallback, useRef } from "react";
  4  |  import { Modal, TextInput, Select, Button, Group, Stack, Text, Box, Paper, useMantineTheme, ThemeIcon, Progress, Aler...
  5  |  import { DateInput } from "@mantine/dates";
     |                             ^
  6  |  import { Dropzone, MS_EXCEL_MIME_TYPE } from "@mantine/dropzone";
  7  |  const CSV_MIME_TYPE = ["text/csv"];
      at TransformPluginContext._formatLog (file:///Users/kirtannarola/Downloads/MRD/mrd-ca-admin/node_modules/vite/dist/node/chunks/config.js:28999:43)
      at TransformPluginContext.error (file:///Users/kirtannarola/Downloads/MRD/mrd-ca-admin/node_modules/vite/dist/node/chunks/config.js:28996:14)
      at normalizeUrl (file:///Users/kirtannarola/Downloads/MRD/mrd-ca-admin/node_modules/vite/dist/node/chunks/config.js:27119:18)
      at process.processTicksAndRejections (node:internal/process/task_queues:103:5)
      at async file:///Users/kirtannarola/Downloads/MRD/mrd-ca-admin/node_modules/vite/dist/node/chunks/config.js:27177:32
      at async Promise.all (index 3)
      at async TransformPluginContext.transform (file:///Users/kirtannarola/Downloads/MRD/mrd-ca-admin/node_modules/vite/dist/node/chunks/config.js:27145:4)
      at async EnvironmentPluginContainer.transform (file:///Users/kirtannarola/Downloads/MRD/mrd-ca-admin/node_modules/vite/dist/node/chunks/config.js:28797:14)
      at async loadAndTransform (file:///Users/kirtannarola/Downloads/MRD/mrd-ca-admin/node_modules/vite/dist/node/chunks/config.js:22670:26)
      at async viteTransformMiddleware (file:///Users/kirtannarola/Downloads/MRD/mrd-ca-admin/node_modules/vite/dist/node/chunks/config.js:24542:20)
11:13:53 AM [vite] Internal server error: Failed to resolve import "@mantine/dates" from "src/components/clients/ClientModals.jsx". Does the file exist?
  Plugin: vite:import-analysis
  File: /Users/kirtannarola/Downloads/MRD/mrd-ca-admin/src/components/clients/ClientModals.jsx:3:26
  3  |  import React, { useEffect, useCallback, useRef } from "react";
  4  |  import { Modal, TextInput, Select, Button, Group, Stack, Text, Box, Paper, useMantineTheme, ThemeIcon, Progress, Aler...
  5  |  import { DateInput } from "@mantine/dates";
     |                             ^
  6  |  import { Dropzone, MS_EXCEL_MIME_TYPE } from "@mantine/dropzone";
  7  |  const CSV_MIME_TYPE = ["text/csv"];
      at TransformPluginContext._formatLog (file:///Users/kirtannarola/Downloads/MRD/mrd-ca-admin/node_modules/vite/dist/node/chunks/config.js:28999:43)
      at TransformPluginContext.error (file:///Users/kirtannarola/Downloads/MRD/mrd-ca-admin/node_modules/vite/dist/node/chunks/config.js:28996:14)
      at normalizeUrl (file:///Users/kirtannarola/Downloads/MRD/mrd-ca-admin/node_modules/vite/dist/node/chunks/config.js:27119:18)
      at process.processTicksAndRejections (node:internal/process/task_queues:103:5)
      at async file:///Users/kirtannarola/Downloads/MRD/mrd-ca-admin/node_modules/vite/dist/node/chunks/config.js:27177:32
      at async Promise.all (index 3)
      at async TransformPluginContext.transform (file:///Users/kirtannarola/Downloads/MRD/mrd-ca-admin/node_modules/vite/dist/node/chunks/config.js:27145:4)
      at async EnvironmentPluginContainer.transform (file:///Users/kirtannarola/Downloads/MRD/mrd-ca-admin/node_modules/vite/dist/node/chunks/config.js:28797:14)
      at async loadAndTransform (file:///Users/kirtannarola/Downloads/MRD/mrd-ca-admin/node_modules/vite/dist/node/chunks/config.js:22670:26)
      at async viteTransformMiddleware (file:///Users/kirtannarola/Downloads/MRD/mrd-ca-admin/node_modules/vite/dist/node/chunks/config.js:24542:20)
11:13:53 AM [vite] Internal server error: Failed to resolve import "@mantine/dates" from "src/components/clients/ClientModals.jsx". Does the file exist?
  Plugin: vite:import-analysis
  File: /Users/kirtannarola/Downloads/MRD/mrd-ca-admin/src/components/clients/ClientModals.jsx:3:26
  3  |  import React, { useEffect, useCallback, useRef } from "react";
  4  |  import { Modal, TextInput, Select, Button, Group, Stack, Text, Box, Paper, useMantineTheme, ThemeIcon, Progress, Aler...
  5  |  import { DateInput } from "@mantine/dates";
     |                             ^
  6  |  import { Dropzone, MS_EXCEL_MIME_TYPE } from "@mantine/dropzone";
  7  |  const CSV_MIME_TYPE = ["text/csv"];
      at TransformPluginContext._formatLog (file:///Users/kirtannarola/Downloads/MRD/mrd-ca-admin/node_modules/vite/dist/node/chunks/config.js:28999:43)
      at TransformPluginContext.error (file:///Users/kirtannarola/Downloads/MRD/mrd-ca-admin/node_modules/vite/dist/node/chunks/config.js:28996:14)
      at normalizeUrl (file:///Users/kirtannarola/Downloads/MRD/mrd-ca-admin/node_modules/vite/dist/node/chunks/config.js:27119:18)
      at process.processTicksAndRejections (node:internal/process/task_queues:103:5)
      at async file:///Users/kirtannarola/Downloads/MRD/mrd-ca-admin/node_modules/vite/dist/node/chunks/config.js:27177:32
      at async Promise.all (index 3)
      at async TransformPluginContext.transform (file:///Users/kirtannarola/Downloads/MRD/mrd-ca-admin/node_modules/vite/dist/node/chunks/config.js:27145:4)
      at async EnvironmentPluginContainer.transform (file:///Users/kirtannarola/Downloads/MRD/mrd-ca-admin/node_modules/vite/dist/node/chunks/config.js:28797:14)
      at async loadAndTransform (file:///Users/kirtannarola/Downloads/MRD/mrd-ca-admin/node_modules/vite/dist/node/chunks/config.js:22670:26)
      at async viteTransformMiddleware (file:///Users/kirtannarola/Downloads/MRD/mrd-ca-admin/node_modules/vite/dist/node/chunks/config.js:24542:20)
11:13:54 AM [vite] Internal server error: Failed to resolve import "@mantine/dates" from "src/components/clients/ClientModals.jsx". Does the file exist?
  Plugin: vite:import-analysis
  File: /Users/kirtannarola/Downloads/MRD/mrd-ca-admin/src/components/clients/ClientModals.jsx:3:26
  3  |  import React, { useEffect, useCallback, useRef } from "react";
  4  |  import { Modal, TextInput, Select, Button, Group, Stack, Text, Box, Paper, useMantineTheme, ThemeIcon, Progress, Aler...
  5  |  import { DateInput } from "@mantine/dates";
     |                             ^
  6  |  import { Dropzone, MS_EXCEL_MIME_TYPE } from "@mantine/dropzone";
  7  |  const CSV_MIME_TYPE = ["text/csv"];
      at TransformPluginContext._formatLog (file:///Users/kirtannarola/Downloads/MRD/mrd-ca-admin/node_modules/vite/dist/node/chunks/config.js:28999:43)
      at TransformPluginContext.error (file:///Users/kirtannarola/Downloads/MRD/mrd-ca-admin/node_modules/vite/dist/node/chunks/config.js:28996:14)
      at normalizeUrl (file:///Users/kirtannarola/Downloads/MRD/mrd-ca-admin/node_modules/vite/dist/node/chunks/config.js:27119:18)
      at process.processTicksAndRejections (node:internal/process/task_queues:103:5)
      at async file:///Users/kirtannarola/Downloads/MRD/mrd-ca-admin/node_modules/vite/dist/node/chunks/config.js:27177:32
      at async Promise.all (index 3)
      at async TransformPluginContext.transform (file:///Users/kirtannarola/Downloads/MRD/mrd-ca-admin/node_modules/vite/dist/node/chunks/config.js:27145:4)
      at async EnvironmentPluginContainer.transform (file:///Users/kirtannarola/Downloads/MRD/mrd-ca-admin/node_modules/vite/dist/node/chunks/config.js:28797:14)
      at async loadAndTransform (file:///Users/kirtannarola/Downloads/MRD/mrd-ca-admin/node_modules/vite/dist/node/chunks/config.js:22670:26)
      at async viteTransformMiddleware (file:///Users/kirtannarola/Downloads/MRD/mrd-ca-admin/node_modules/vite/dist/node/chunks/config.js:24542:20)
11:13:57 AM [vite] Internal server error: Failed to resolve import "@mantine/dates" from "src/components/clients/ClientModals.jsx". Does the file exist?
  Plugin: vite:import-analysis
  File: /Users/kirtannarola/Downloads/MRD/mrd-ca-admin/src/components/clients/ClientModals.jsx:3:26
  3  |  import React, { useEffect, useCallback, useRef } from "react";
  4  |  import { Modal, TextInput, Select, Button, Group, Stack, Text, Box, Paper, useMantineTheme, ThemeIcon, Progress, Aler...
  5  |  import { DateInput } from "@mantine/dates";
     |                             ^
  6  |  import { Dropzone, MS_EXCEL_MIME_TYPE } from "@mantine/dropzone";
  7  |  const CSV_MIME_TYPE = ["text/csv"];
      at TransformPluginContext._formatLog (file:///Users/kirtannarola/Downloads/MRD/mrd-ca-admin/node_modules/vite/dist/node/chunks/config.js:28999:43)
      at TransformPluginContext.error (file:///Users/kirtannarola/Downloads/MRD/mrd-ca-admin/node_modules/vite/dist/node/chunks/config.js:28996:14)
      at normalizeUrl (file:///Users/kirtannarola/Downloads/MRD/mrd-ca-admin/node_modules/vite/dist/node/chunks/config.js:27119:18)
      at process.processTicksAndRejections (node:internal/process/task_queues:103:5)
      at async file:///Users/kirtannarola/Downloads/MRD/mrd-ca-admin/node_modules/vite/dist/node/chunks/config.js:27177:32
      at async Promise.all (index 3)
      at async TransformPluginContext.transform (file:///Users/kirtannarola/Downloads/MRD/mrd-ca-admin/node_modules/vite/dist/node/chunks/config.js:27145:4)
      at async EnvironmentPluginContainer.transform (file:///Users/kirtannarola/Downloads/MRD/mrd-ca-admin/node_modules/vite/dist/node/chunks/config.js:28797:14)
      at async loadAndTransform (file:///Users/kirtannarola/Downloads/MRD/mrd-ca-admin/node_modules/vite/dist/node/chunks/config.js:22670:26)
      at async viteTransformMiddleware (file:///Users/kirtannarola/Downloads/MRD/mrd-ca-admin/node_modules/vite/dist/node/chunks/config.js:24542:20)
